<?xml version="1.0" encoding="UTF-8"?>
<testng-results ignored="0" total="3" passed="3" failed="0" skipped="0">
  <reporter-output>
  </reporter-output>
  <suite started-at="2019-08-14T17:33:35Z" name="Carina Demo Tests - Web tests" finished-at="2019-08-14T17:33:48Z" duration-ms="12763">
    <groups>
    </groups>
    <test started-at="2019-08-14T17:33:35Z" name="Forte Demo" finished-at="2019-08-14T17:33:48Z" duration-ms="12763">
      <class name="com.test.qa_challenge.demo_test">
        <test-method signature="searchProduct()[pri:0, instance:com.test.qa_challenge.demo_test@2aafa84f]" started-at="2019-08-14T17:33:35Z" name="searchProduct" description="none" finished-at="2019-08-14T17:33:41Z" duration-ms="5027" status="PASS">
          <reporter-output>
          </reporter-output>
        </test-method> <!-- searchProduct -->
        <test-method signature="selectProduct()[pri:0, instance:com.test.qa_challenge.demo_test@2aafa84f]" started-at="2019-08-14T17:33:41Z" name="selectProduct" description="none" finished-at="2019-08-14T17:33:44Z" duration-ms="3685" status="PASS">
          <reporter-output>
          </reporter-output>
        </test-method> <!-- selectProduct -->
        <test-method signature="unselectProduct()[pri:0, instance:com.test.qa_challenge.demo_test@2aafa84f]" started-at="2019-08-14T17:33:44Z" name="unselectProduct" description="none" finished-at="2019-08-14T17:33:48Z" duration-ms="3721" status="PASS">
          <reporter-output>
          </reporter-output>
        </test-method> <!-- unselectProduct -->
      </class> <!-- com.test.qa_challenge.demo_test -->
    </test> <!-- Forte Demo -->
  </suite> <!-- Carina Demo Tests - Web tests -->
</testng-results>
