<?xml version="1.0" encoding="UTF-8"?>
<testsuite xmlns:xsi="http://www.w3.org/2001/XMLSchema-instance" xsi:noNamespaceSchemaLocation="https://maven.apache.org/surefire/maven-surefire-plugin/xsd/surefire-test-report-3.0.xsd" version="3.0" name="TestSuite" time="14.961" tests="3" errors="0" skipped="0" failures="0">
  <properties>
[...]
</properties>
  <testcase name="searchProduct" classname="com.test.qa_challenge.demo_test" time="5.075"/>
  <testcase name="selectProduct" classname="com.test.qa_challenge.demo_test" time="3.74"/>
  <testcase name="unselectProduct" classname="com.test.qa_challenge.demo_test" time="3.775"/>
</testsuite>