<?xml version="1.0" encoding="UTF-8"?>
<!-- Generated by org.testng.reporters.JUnitXMLReporter -->
<testsuite ignored="0" hostname="sanpsicro" failures="0" tests="3" name="Forte Demo" time="12.763" errors="0" timestamp="14 Aug 2019 17:33:48 GMT">
  <testcase classname="com.test.qa_challenge.demo_test" name="searchProduct" time="5.027"/>
  <testcase classname="com.test.qa_challenge.demo_test" name="selectProduct" time="3.685"/>
  <testcase classname="com.test.qa_challenge.demo_test" name="unselectProduct" time="3.721"/>
</testsuite> <!-- Forte Demo -->
